# JRE version: OpenJDK Runtime Environment (17.0.9) (build 17.0.9+0--11185874)
# Java VM: OpenJDK 64-Bit Server VM (17.0.9+0--11185874, mixed mode, tiered, compressed oops, compressed class ptrs, g1 gc, windows-amd64)
GC Precious Log:
 CPUs: 8 total, 8 available
 Memory: 8013M
 Large Page Support: Disabled
 NUMA Support: Disabled
 Compressed Oops: Enabled (32-bit)
 Heap Region Size: 1M
 Heap Min Capacity: 8M
 Heap Initial Capacity: 126M
 Heap Max Capacity: 2G
 Pre-touch: Disabled
 Parallel Workers: 8
 Concurrent Workers: 2
 Concurrent Refinement Workers: 8
 Periodic GC: Disabled
Heap:
 garbage-first heap   total 201728K, used 130607K [0x0000000080000000, 0x0000000100000000)
  region size 1024K, 5 young (5120K), 5 survivors (5120K)
 Metaspace       used 92409K, committed 93248K, reserved 1179648K
  class space    used 12806K, committed 13248K, reserved 1048576K
GC Heap History (20 events):
Event: 13.265 GC heap after
{Heap after GC invocations=46 (full 0):
 garbage-first heap   total 158720K, used 84131K [0x0000000080000000, 0x0000000100000000)
  region size 1024K, 5 young (5120K), 5 survivors (5120K)
 Metaspace       used 79869K, committed 80576K, reserved 1179648K
  class space    used 10838K, committed 11136K, reserved 1048576K
}
Event: 13.549 GC heap before
{Heap before GC invocations=46 (full 0):
 garbage-first heap   total 158720K, used 102563K [0x0000000080000000, 0x0000000100000000)
  region size 1024K, 24 young (24576K), 5 survivors (5120K)
 Metaspace       used 81053K, committed 81792K, reserved 1179648K
  class space    used 11016K, committed 11328K, reserved 1048576K
}
Event: 13.552 GC heap after
{Heap after GC invocations=47 (full 0):
 garbage-first heap   total 158720K, used 85339K [0x0000000080000000, 0x0000000100000000)
  region size 1024K, 4 young (4096K), 4 survivors (4096K)
 Metaspace       used 81053K, committed 81792K, reserved 1179648K
  class space    used 11016K, committed 11328K, reserved 1048576K
}
Event: 14.180 GC heap before
{Heap before GC invocations=48 (full 0):
 garbage-first heap   total 158720K, used 129371K [0x0000000080000000, 0x0000000100000000)
  region size 1024K, 46 young (47104K), 4 survivors (4096K)
 Metaspace       used 84076K, committed 84736K, reserved 1179648K
  class space    used 11602K, committed 11904K, reserved 1048576K
}
Event: 14.183 GC heap after
{Heap after GC invocations=49 (full 0):
 garbage-first heap   total 158720K, used 86656K [0x0000000080000000, 0x0000000100000000)
  region size 1024K, 3 young (3072K), 3 survivors (3072K)
 Metaspace       used 84076K, committed 84736K, reserved 1179648K
  class space    used 11602K, committed 11904K, reserved 1048576K
}
Event: 14.221 GC heap before
{Heap before GC invocations=49 (full 0):
 garbage-first heap   total 158720K, used 89728K [0x0000000080000000, 0x0000000100000000)
  region size 1024K, 7 young (7168K), 3 survivors (3072K)
 Metaspace       used 84381K, committed 85056K, reserved 1179648K
  class space    used 11652K, committed 11968K, reserved 1048576K
}
Event: 14.224 GC heap after
{Heap after GC invocations=50 (full 0):
 garbage-first heap   total 158720K, used 86710K [0x0000000080000000, 0x0000000100000000)
  region size 1024K, 1 young (1024K), 1 survivors (1024K)
 Metaspace       used 84381K, committed 85056K, reserved 1179648K
  class space    used 11652K, committed 11968K, reserved 1048576K
}
Event: 14.755 GC heap before
{Heap before GC invocations=50 (full 0):
 garbage-first heap   total 158720K, used 126646K [0x0000000080000000, 0x0000000100000000)
  region size 1024K, 41 young (41984K), 1 survivors (1024K)
 Metaspace       used 87901K, committed 88640K, reserved 1179648K
  class space    used 12144K, committed 12480K, reserved 1048576K
}
Event: 14.757 GC heap after
{Heap after GC invocations=51 (full 0):
 garbage-first heap   total 158720K, used 88203K [0x0000000080000000, 0x0000000100000000)
  region size 1024K, 2 young (2048K), 2 survivors (2048K)
 Metaspace       used 87901K, committed 88640K, reserved 1179648K
  class space    used 12144K, committed 12480K, reserved 1048576K
}
Event: 15.521 GC heap before
{Heap before GC invocations=52 (full 0):
 garbage-first heap   total 158720K, used 141451K [0x0000000080000000, 0x0000000100000000)
  region size 1024K, 44 young (45056K), 2 survivors (2048K)
 Metaspace       used 91175K, committed 91968K, reserved 1179648K
  class space    used 12636K, committed 12992K, reserved 1048576K
}
Event: 15.526 GC heap after
{Heap after GC invocations=53 (full 0):
 garbage-first heap   total 158720K, used 106432K [0x0000000080000000, 0x0000000100000000)
  region size 1024K, 6 young (6144K), 6 survivors (6144K)
 Metaspace       used 91175K, committed 91968K, reserved 1179648K
  class space    used 12636K, committed 12992K, reserved 1048576K
}
Event: 15.533 GC heap before
{Heap before GC invocations=53 (full 0):
 garbage-first heap   total 158720K, used 107456K [0x0000000080000000, 0x0000000100000000)
  region size 1024K, 7 young (7168K), 6 survivors (6144K)
 Metaspace       used 91189K, committed 91968K, reserved 1179648K
  class space    used 12637K, committed 12992K, reserved 1048576K
}
Event: 15.536 GC heap after
{Heap after GC invocations=54 (full 0):
 garbage-first heap   total 158720K, used 106181K [0x0000000080000000, 0x0000000100000000)
  region size 1024K, 1 young (1024K), 1 survivors (1024K)
 Metaspace       used 91189K, committed 91968K, reserved 1179648K
  class space    used 12637K, committed 12992K, reserved 1048576K
}
Event: 15.794 GC heap before
{Heap before GC invocations=54 (full 0):
 garbage-first heap   total 158720K, used 125637K [0x0000000080000000, 0x0000000100000000)
  region size 1024K, 22 young (22528K), 1 survivors (1024K)
 Metaspace       used 92352K, committed 93248K, reserved 1179648K
  class space    used 12801K, committed 13248K, reserved 1048576K
}
Event: 15.796 GC heap after
{Heap after GC invocations=55 (full 0):
 garbage-first heap   total 158720K, used 107262K [0x0000000080000000, 0x0000000100000000)
  region size 1024K, 2 young (2048K), 2 survivors (2048K)
 Metaspace       used 92352K, committed 93248K, reserved 1179648K
  class space    used 12801K, committed 13248K, reserved 1048576K
}
Event: 16.016 GC heap before
{Heap before GC invocations=56 (full 0):
 garbage-first heap   total 201728K, used 139006K [0x0000000080000000, 0x0000000100000000)
  region size 1024K, 29 young (29696K), 2 survivors (2048K)
 Metaspace       used 92369K, committed 93248K, reserved 1179648K
  class space    used 12802K, committed 13248K, reserved 1048576K
}
Event: 16.025 GC heap after
{Heap after GC invocations=57 (full 0):
 garbage-first heap   total 201728K, used 121234K [0x0000000080000000, 0x0000000100000000)
  region size 1024K, 4 young (4096K), 4 survivors (4096K)
 Metaspace       used 92369K, committed 93248K, reserved 1179648K
  class space    used 12802K, committed 13248K, reserved 1048576K
}
Event: 16.038 GC heap before
{Heap before GC invocations=57 (full 0):
 garbage-first heap   total 201728K, used 126354K [0x0000000080000000, 0x0000000100000000)
  region size 1024K, 9 young (9216K), 4 survivors (4096K)
 Metaspace       used 92369K, committed 93248K, reserved 1179648K
  class space    used 12802K, committed 13248K, reserved 1048576K
}
Event: 16.053 GC heap after
{Heap after GC invocations=58 (full 0):
 garbage-first heap   total 201728K, used 121506K [0x0000000080000000, 0x0000000100000000)
  region size 1024K, 2 young (2048K), 2 survivors (2048K)
 Metaspace       used 92369K, committed 93248K, reserved 1179648K
  class space    used 12802K, committed 13248K, reserved 1048576K
}
Event: 16.561 GC heap before
{Heap before GC invocations=58 (full 0):
 garbage-first heap   total 201728K, used 159394K [0x0000000080000000, 0x0000000100000000)
  region size 1024K, 40 young (40960K), 2 survivors (2048K)
 Metaspace       used 92409K, committed 93248K, reserved 1179648K
  class space    used 12806K, committed 13248K, reserved 1048576K
}

