# JRE version: OpenJDK Runtime Environment (17.0.9) (build 17.0.9+0--11185874)
# Java VM: OpenJDK 64-Bit Server VM (17.0.9+0--11185874, mixed mode, tiered, compressed oops, compressed class ptrs, g1 gc, windows-amd64)
GC Precious Log:
 CPUs: 8 total, 8 available
 Memory: 8013M
 Large Page Support: Disabled
 NUMA Support: Disabled
 Compressed Oops: Enabled (32-bit)
 Heap Region Size: 1M
 Heap Min Capacity: 8M
 Heap Initial Capacity: 126M
 Heap Max Capacity: 2G
 Pre-touch: Disabled
 Parallel Workers: 8
 Concurrent Workers: 2
 Concurrent Refinement Workers: 8
 Periodic GC: Disabled
Heap:
 garbage-first heap   total 287744K, used 191559K [0x0000000080000000, 0x0000000100000000)
  region size 1024K, 2 young (2048K), 2 survivors (2048K)
 Metaspace       used 111493K, committed 112256K, reserved 1179648K
  class space    used 15530K, committed 15936K, reserved 1048576K
GC Heap History (20 events):
Event: 9.381 GC heap after
{Heap after GC invocations=28 (full 0):
 garbage-first heap   total 111616K, used 63055K [0x0000000080000000, 0x0000000100000000)
  region size 1024K, 2 young (2048K), 2 survivors (2048K)
 Metaspace       used 70089K, committed 70656K, reserved 1114112K
  class space    used 9549K, committed 9856K, reserved 1048576K
}
Event: 9.679 GC heap before
{Heap before GC invocations=29 (full 0):
 garbage-first heap   total 111616K, used 87631K [0x0000000080000000, 0x0000000100000000)
  region size 1024K, 30 young (30720K), 2 survivors (2048K)
 Metaspace       used 73748K, committed 74368K, reserved 1114112K
  class space    used 10054K, committed 10368K, reserved 1048576K
}
Event: 9.682 GC heap after
{Heap after GC invocations=30 (full 0):
 garbage-first heap   total 111616K, used 59981K [0x0000000080000000, 0x0000000100000000)
  region size 1024K, 3 young (3072K), 3 survivors (3072K)
 Metaspace       used 73748K, committed 74368K, reserved 1114112K
  class space    used 10054K, committed 10368K, reserved 1048576K
}
Event: 9.706 GC heap before
{Heap before GC invocations=30 (full 0):
 garbage-first heap   total 111616K, used 62029K [0x0000000080000000, 0x0000000100000000)
  region size 1024K, 5 young (5120K), 3 survivors (3072K)
 Metaspace       used 73992K, committed 74560K, reserved 1114112K
  class space    used 10094K, committed 10368K, reserved 1048576K
}
Event: 9.709 GC heap after
{Heap after GC invocations=31 (full 0):
 garbage-first heap   total 277504K, used 59692K [0x0000000080000000, 0x0000000100000000)
  region size 1024K, 1 young (1024K), 1 survivors (1024K)
 Metaspace       used 73992K, committed 74560K, reserved 1114112K
  class space    used 10094K, committed 10368K, reserved 1048576K
}
Event: 11.948 GC heap before
{Heap before GC invocations=31 (full 0):
 garbage-first heap   total 277504K, used 217388K [0x0000000080000000, 0x0000000100000000)
  region size 1024K, 155 young (158720K), 1 survivors (1024K)
 Metaspace       used 85044K, committed 85696K, reserved 1179648K
  class space    used 11837K, committed 12160K, reserved 1048576K
}
Event: 11.959 GC heap after
{Heap after GC invocations=32 (full 0):
 garbage-first heap   total 277504K, used 67327K [0x0000000080000000, 0x0000000100000000)
  region size 1024K, 8 young (8192K), 8 survivors (8192K)
 Metaspace       used 85044K, committed 85696K, reserved 1179648K
  class space    used 11837K, committed 12160K, reserved 1048576K
}
Event: 13.875 GC heap before
{Heap before GC invocations=32 (full 0):
 garbage-first heap   total 277504K, used 223999K [0x0000000080000000, 0x0000000100000000)
  region size 1024K, 157 young (160768K), 8 survivors (8192K)
 Metaspace       used 94081K, committed 94784K, reserved 1179648K
  class space    used 13169K, committed 13504K, reserved 1048576K
}
Event: 13.890 GC heap after
{Heap after GC invocations=33 (full 0):
 garbage-first heap   total 277504K, used 77722K [0x0000000080000000, 0x0000000100000000)
  region size 1024K, 18 young (18432K), 18 survivors (18432K)
 Metaspace       used 94081K, committed 94784K, reserved 1179648K
  class space    used 13169K, committed 13504K, reserved 1048576K
}
Event: 16.197 GC heap before
{Heap before GC invocations=33 (full 0):
 garbage-first heap   total 277504K, used 240538K [0x0000000080000000, 0x0000000100000000)
  region size 1024K, 159 young (162816K), 18 survivors (18432K)
 Metaspace       used 99775K, committed 100544K, reserved 1179648K
  class space    used 13747K, committed 14144K, reserved 1048576K
}
Event: 16.219 GC heap after
{Heap after GC invocations=34 (full 0):
 garbage-first heap   total 277504K, used 83738K [0x0000000080000000, 0x0000000100000000)
  region size 1024K, 8 young (8192K), 8 survivors (8192K)
 Metaspace       used 99775K, committed 100544K, reserved 1179648K
  class space    used 13747K, committed 14144K, reserved 1048576K
}
Event: 17.980 GC heap before
{Heap before GC invocations=34 (full 0):
 garbage-first heap   total 277504K, used 217882K [0x0000000080000000, 0x0000000100000000)
  region size 1024K, 108 young (110592K), 8 survivors (8192K)
 Metaspace       used 104382K, committed 105152K, reserved 1179648K
  class space    used 14389K, committed 14784K, reserved 1048576K
}
Event: 17.995 GC heap after
{Heap after GC invocations=35 (full 0):
 garbage-first heap   total 277504K, used 116506K [0x0000000080000000, 0x0000000100000000)
  region size 1024K, 18 young (18432K), 18 survivors (18432K)
 Metaspace       used 104382K, committed 105152K, reserved 1179648K
  class space    used 14389K, committed 14784K, reserved 1048576K
}
Event: 18.948 GC heap before
{Heap before GC invocations=35 (full 0):
 garbage-first heap   total 277504K, used 230170K [0x0000000080000000, 0x0000000100000000)
  region size 1024K, 122 young (124928K), 18 survivors (18432K)
 Metaspace       used 107448K, committed 108160K, reserved 1179648K
  class space    used 15010K, committed 15360K, reserved 1048576K
}
Event: 19.006 GC heap after
{Heap after GC invocations=36 (full 0):
 garbage-first heap   total 287744K, used 156289K [0x0000000080000000, 0x0000000100000000)
  region size 1024K, 16 young (16384K), 16 survivors (16384K)
 Metaspace       used 107448K, committed 108160K, reserved 1179648K
  class space    used 15010K, committed 15360K, reserved 1048576K
}
Event: 19.455 GC heap before
{Heap before GC invocations=36 (full 0):
 garbage-first heap   total 287744K, used 219777K [0x0000000080000000, 0x0000000100000000)
  region size 1024K, 79 young (80896K), 16 survivors (16384K)
 Metaspace       used 108424K, committed 109184K, reserved 1179648K
  class space    used 15151K, committed 15552K, reserved 1048576K
}
Event: 19.507 GC heap after
{Heap after GC invocations=37 (full 0):
 garbage-first heap   total 287744K, used 184320K [0x0000000080000000, 0x0000000100000000)
  region size 1024K, 10 young (10240K), 10 survivors (10240K)
 Metaspace       used 108424K, committed 109184K, reserved 1179648K
  class space    used 15151K, committed 15552K, reserved 1048576K
}
Event: 19.912 GC heap before
{Heap before GC invocations=37 (full 0):
 garbage-first heap   total 287744K, used 222208K [0x0000000080000000, 0x0000000100000000)
  region size 1024K, 48 young (49152K), 10 survivors (10240K)
 Metaspace       used 110378K, committed 111168K, reserved 1179648K
  class space    used 15407K, committed 15808K, reserved 1048576K
}
Event: 19.947 GC heap after
{Heap after GC invocations=38 (full 0):
 garbage-first heap   total 287744K, used 192512K [0x0000000080000000, 0x0000000100000000)
  region size 1024K, 6 young (6144K), 6 survivors (6144K)
 Metaspace       used 110378K, committed 111168K, reserved 1179648K
  class space    used 15407K, committed 15808K, reserved 1048576K
}
Event: 20.147 GC heap before
{Heap before GC invocations=38 (full 0):
 garbage-first heap   total 287744K, used 228352K [0x0000000080000000, 0x0000000100000000)
  region size 1024K, 42 young (43008K), 6 survivors (6144K)
 Metaspace       used 111493K, committed 112256K, reserved 1179648K
  class space    used 15530K, committed 15936K, reserved 1048576K
}

