# JRE version: OpenJDK Runtime Environment (17.0.9) (build 17.0.9+0--11185874)
# Java VM: OpenJDK 64-Bit Server VM (17.0.9+0--11185874, mixed mode, tiered, compressed oops, compressed class ptrs, g1 gc, windows-amd64)
GC Precious Log:
 CPUs: 8 total, 8 available
 Memory: 8013M
 Large Page Support: Disabled
 NUMA Support: Disabled
 Compressed Oops: Enabled (32-bit)
 Heap Region Size: 1M
 Heap Min Capacity: 8M
 Heap Initial Capacity: 126M
 Heap Max Capacity: 2G
 Pre-touch: Disabled
 Parallel Workers: 8
 Concurrent Workers: 2
 Concurrent Refinement Workers: 8
 Periodic GC: Disabled
Heap:
 garbage-first heap   total 323584K, used 203814K [0x0000000080000000, 0x0000000100000000)
  region size 1024K, 4 young (4096K), 4 survivors (4096K)
 Metaspace       used 107978K, committed 108800K, reserved 1179648K
  class space    used 15237K, committed 15616K, reserved 1048576K
GC Heap History (20 events):
Event: 13.448 GC heap after
{Heap after GC invocations=33 (full 0):
 garbage-first heap   total 161792K, used 80612K [0x0000000080000000, 0x0000000100000000)
  region size 1024K, 4 young (4096K), 4 survivors (4096K)
 Metaspace       used 92937K, committed 93632K, reserved 1179648K
  class space    used 13066K, committed 13376K, reserved 1048576K
}
Event: 13.938 GC heap before
{Heap before GC invocations=33 (full 0):
 garbage-first heap   total 161792K, used 136932K [0x0000000080000000, 0x0000000100000000)
  region size 1024K, 55 young (56320K), 4 survivors (4096K)
 Metaspace       used 94808K, committed 95552K, reserved 1179648K
  class space    used 13213K, committed 13568K, reserved 1048576K
}
Event: 13.948 GC heap after
{Heap after GC invocations=34 (full 0):
 garbage-first heap   total 161792K, used 84320K [0x0000000080000000, 0x0000000100000000)
  region size 1024K, 7 young (7168K), 7 survivors (7168K)
 Metaspace       used 94808K, committed 95552K, reserved 1179648K
  class space    used 13213K, committed 13568K, reserved 1048576K
}
Event: 14.259 GC heap before
{Heap before GC invocations=34 (full 0):
 garbage-first heap   total 161792K, used 131424K [0x0000000080000000, 0x0000000100000000)
  region size 1024K, 54 young (55296K), 7 survivors (7168K)
 Metaspace       used 95398K, committed 96128K, reserved 1179648K
  class space    used 13275K, committed 13632K, reserved 1048576K
}
Event: 14.268 GC heap after
{Heap after GC invocations=35 (full 0):
 garbage-first heap   total 161792K, used 88915K [0x0000000080000000, 0x0000000100000000)
  region size 1024K, 6 young (6144K), 6 survivors (6144K)
 Metaspace       used 95398K, committed 96128K, reserved 1179648K
  class space    used 13275K, committed 13632K, reserved 1048576K
}
Event: 15.149 GC heap before
{Heap before GC invocations=35 (full 0):
 garbage-first heap   total 161792K, used 143187K [0x0000000080000000, 0x0000000100000000)
  region size 1024K, 49 young (50176K), 6 survivors (6144K)
 Metaspace       used 98934K, committed 99648K, reserved 1179648K
  class space    used 13765K, committed 14080K, reserved 1048576K
}
Event: 15.154 GC heap after
{Heap after GC invocations=36 (full 0):
 garbage-first heap   total 161792K, used 105083K [0x0000000080000000, 0x0000000100000000)
  region size 1024K, 6 young (6144K), 6 survivors (6144K)
 Metaspace       used 98934K, committed 99648K, reserved 1179648K
  class space    used 13765K, committed 14080K, reserved 1048576K
}
Event: 15.236 GC heap before
{Heap before GC invocations=36 (full 0):
 garbage-first heap   total 161792K, used 118395K [0x0000000080000000, 0x0000000100000000)
  region size 1024K, 13 young (13312K), 6 survivors (6144K)
 Metaspace       used 99520K, committed 100224K, reserved 1179648K
  class space    used 13858K, committed 14208K, reserved 1048576K
}
Event: 15.239 GC heap after
{Heap after GC invocations=37 (full 0):
 garbage-first heap   total 161792K, used 110391K [0x0000000080000000, 0x0000000100000000)
  region size 1024K, 2 young (2048K), 2 survivors (2048K)
 Metaspace       used 99520K, committed 100224K, reserved 1179648K
  class space    used 13858K, committed 14208K, reserved 1048576K
}
Event: 15.435 GC heap before
{Heap before GC invocations=38 (full 0):
 garbage-first heap   total 242688K, used 154423K [0x0000000080000000, 0x0000000100000000)
  region size 1024K, 27 young (27648K), 2 survivors (2048K)
 Metaspace       used 99697K, committed 100352K, reserved 1179648K
  class space    used 13897K, committed 14208K, reserved 1048576K
}
Event: 15.443 GC heap after
{Heap after GC invocations=39 (full 0):
 garbage-first heap   total 242688K, used 125619K [0x0000000080000000, 0x0000000100000000)
  region size 1024K, 4 young (4096K), 4 survivors (4096K)
 Metaspace       used 99697K, committed 100352K, reserved 1179648K
  class space    used 13897K, committed 14208K, reserved 1048576K
}
Event: 15.490 GC heap before
{Heap before GC invocations=39 (full 0):
 garbage-first heap   total 242688K, used 131763K [0x0000000080000000, 0x0000000100000000)
  region size 1024K, 11 young (11264K), 4 survivors (4096K)
 Metaspace       used 99698K, committed 100352K, reserved 1179648K
  class space    used 13897K, committed 14208K, reserved 1048576K
}
Event: 15.498 GC heap after
{Heap after GC invocations=40 (full 0):
 garbage-first heap   total 323584K, used 126473K [0x0000000080000000, 0x0000000100000000)
  region size 1024K, 2 young (2048K), 2 survivors (2048K)
 Metaspace       used 99698K, committed 100352K, reserved 1179648K
  class space    used 13897K, committed 14208K, reserved 1048576K
}
Event: 16.133 GC heap before
{Heap before GC invocations=40 (full 0):
 garbage-first heap   total 323584K, used 232969K [0x0000000080000000, 0x0000000100000000)
  region size 1024K, 105 young (107520K), 2 survivors (2048K)
 Metaspace       used 102515K, committed 103296K, reserved 1179648K
  class space    used 14483K, committed 14848K, reserved 1048576K
}
Event: 16.174 GC heap after
{Heap after GC invocations=41 (full 0):
 garbage-first heap   total 323584K, used 171571K [0x0000000080000000, 0x0000000100000000)
  region size 1024K, 14 young (14336K), 14 survivors (14336K)
 Metaspace       used 102515K, committed 103296K, reserved 1179648K
  class space    used 14483K, committed 14848K, reserved 1048576K
}
Event: 16.987 GC heap before
{Heap before GC invocations=41 (full 0):
 garbage-first heap   total 323584K, used 228915K [0x0000000080000000, 0x0000000100000000)
  region size 1024K, 71 young (72704K), 14 survivors (14336K)
 Metaspace       used 105606K, committed 106432K, reserved 1179648K
  class space    used 14903K, committed 15296K, reserved 1048576K
}
Event: 17.040 GC heap after
{Heap after GC invocations=42 (full 0):
 garbage-first heap   total 323584K, used 190464K [0x0000000080000000, 0x0000000100000000)
  region size 1024K, 9 young (9216K), 9 survivors (9216K)
 Metaspace       used 105606K, committed 106432K, reserved 1179648K
  class space    used 14903K, committed 15296K, reserved 1048576K
}
Event: 17.930 GC heap before
{Heap before GC invocations=42 (full 0):
 garbage-first heap   total 323584K, used 242688K [0x0000000080000000, 0x0000000100000000)
  region size 1024K, 61 young (62464K), 9 survivors (9216K)
 Metaspace       used 107212K, committed 108032K, reserved 1179648K
  class space    used 15144K, committed 15552K, reserved 1048576K
}
Event: 17.956 GC heap after
{Heap after GC invocations=43 (full 0):
 garbage-first heap   total 323584K, used 198999K [0x0000000080000000, 0x0000000100000000)
  region size 1024K, 7 young (7168K), 7 survivors (7168K)
 Metaspace       used 107212K, committed 108032K, reserved 1179648K
  class space    used 15144K, committed 15552K, reserved 1048576K
}
Event: 18.455 GC heap before
{Heap before GC invocations=43 (full 0):
 garbage-first heap   total 323584K, used 252247K [0x0000000080000000, 0x0000000100000000)
  region size 1024K, 58 young (59392K), 7 survivors (7168K)
 Metaspace       used 107978K, committed 108800K, reserved 1179648K
  class space    used 15237K, committed 15616K, reserved 1048576K
}

