# JRE version: OpenJDK Runtime Environment (17.0.9) (build 17.0.9+0--11185874)
# Java VM: OpenJDK 64-Bit Server VM (17.0.9+0--11185874, mixed mode, tiered, compressed oops, compressed class ptrs, g1 gc, windows-amd64)
GC Precious Log:
 CPUs: 8 total, 8 available
 Memory: 8013M
 Large Page Support: Disabled
 NUMA Support: Disabled
 Compressed Oops: Enabled (32-bit)
 Heap Region Size: 1M
 Heap Min Capacity: 8M
 Heap Initial Capacity: 126M
 Heap Max Capacity: 2G
 Pre-touch: Disabled
 Parallel Workers: 8
 Concurrent Workers: 2
 Concurrent Refinement Workers: 8
 Periodic GC: Disabled
Heap:
 garbage-first heap   total 280576K, used 201229K [0x0000000080000000, 0x0000000100000000)
  region size 1024K, 2 young (2048K), 2 survivors (2048K)
 Metaspace       used 121396K, committed 122240K, reserved 1179648K
  class space    used 17410K, committed 17792K, reserved 1048576K
GC Heap History (20 events):
Event: 12.159 GC heap after
{Heap after GC invocations=33 (full 0):
 garbage-first heap   total 134144K, used 73923K [0x0000000080000000, 0x0000000100000000)
  region size 1024K, 6 young (6144K), 6 survivors (6144K)
 Metaspace       used 92384K, committed 93120K, reserved 1179648K
  class space    used 13020K, committed 13376K, reserved 1048576K
}
Event: 12.460 GC heap before
{Heap before GC invocations=34 (full 0):
 garbage-first heap   total 137216K, used 108739K [0x0000000080000000, 0x0000000100000000)
  region size 1024K, 41 young (41984K), 6 survivors (6144K)
 Metaspace       used 92591K, committed 93312K, reserved 1179648K
  class space    used 13026K, committed 13376K, reserved 1048576K
}
Event: 12.469 GC heap after
{Heap after GC invocations=35 (full 0):
 garbage-first heap   total 137216K, used 77536K [0x0000000080000000, 0x0000000100000000)
  region size 1024K, 5 young (5120K), 5 survivors (5120K)
 Metaspace       used 92591K, committed 93312K, reserved 1179648K
  class space    used 13026K, committed 13376K, reserved 1048576K
}
Event: 12.475 GC heap before
{Heap before GC invocations=35 (full 0):
 garbage-first heap   total 137216K, used 78560K [0x0000000080000000, 0x0000000100000000)
  region size 1024K, 6 young (6144K), 5 survivors (5120K)
 Metaspace       used 92596K, committed 93376K, reserved 1179648K
  class space    used 13026K, committed 13376K, reserved 1048576K
}
Event: 12.480 GC heap after
{Heap after GC invocations=36 (full 0):
 garbage-first heap   total 137216K, used 77606K [0x0000000080000000, 0x0000000100000000)
  region size 1024K, 1 young (1024K), 1 survivors (1024K)
 Metaspace       used 92596K, committed 93376K, reserved 1179648K
  class space    used 13026K, committed 13376K, reserved 1048576K
}
Event: 12.908 GC heap before
{Heap before GC invocations=36 (full 0):
 garbage-first heap   total 137216K, used 112422K [0x0000000080000000, 0x0000000100000000)
  region size 1024K, 36 young (36864K), 1 survivors (1024K)
 Metaspace       used 93121K, committed 93824K, reserved 1179648K
  class space    used 13073K, committed 13440K, reserved 1048576K
}
Event: 12.912 GC heap after
{Heap after GC invocations=37 (full 0):
 garbage-first heap   total 279552K, used 80737K [0x0000000080000000, 0x0000000100000000)
  region size 1024K, 4 young (4096K), 4 survivors (4096K)
 Metaspace       used 93121K, committed 93824K, reserved 1179648K
  class space    used 13073K, committed 13440K, reserved 1048576K
}
Event: 15.000 GC heap before
{Heap before GC invocations=38 (full 0):
 garbage-first heap   total 279552K, used 229217K [0x0000000080000000, 0x0000000100000000)
  region size 1024K, 143 young (146432K), 4 survivors (4096K)
 Metaspace       used 104309K, committed 105088K, reserved 1179648K
  class space    used 14402K, committed 14784K, reserved 1048576K
}
Event: 15.010 GC heap after
{Heap after GC invocations=39 (full 0):
 garbage-first heap   total 279552K, used 89444K [0x0000000080000000, 0x0000000100000000)
  region size 1024K, 11 young (11264K), 11 survivors (11264K)
 Metaspace       used 104309K, committed 105088K, reserved 1179648K
  class space    used 14402K, committed 14784K, reserved 1048576K
}
Event: 15.054 GC heap before
{Heap before GC invocations=39 (full 0):
 garbage-first heap   total 279552K, used 91492K [0x0000000080000000, 0x0000000100000000)
  region size 1024K, 13 young (13312K), 11 survivors (11264K)
 Metaspace       used 104414K, committed 105216K, reserved 1179648K
  class space    used 14426K, committed 14784K, reserved 1048576K
}
Event: 15.060 GC heap after
{Heap after GC invocations=40 (full 0):
 garbage-first heap   total 279552K, used 87361K [0x0000000080000000, 0x0000000100000000)
  region size 1024K, 2 young (2048K), 2 survivors (2048K)
 Metaspace       used 104414K, committed 105216K, reserved 1179648K
  class space    used 14426K, committed 14784K, reserved 1048576K
}
Event: 20.162 GC heap before
{Heap before GC invocations=40 (full 0):
 garbage-first heap   total 279552K, used 259393K [0x0000000080000000, 0x0000000100000000)
  region size 1024K, 130 young (133120K), 2 survivors (2048K)
 Metaspace       used 111050K, committed 111872K, reserved 1179648K
  class space    used 15440K, committed 15808K, reserved 1048576K
}
Event: 20.174 GC heap after
{Heap after GC invocations=41 (full 0):
 garbage-first heap   total 280576K, used 127506K [0x0000000080000000, 0x0000000100000000)
  region size 1024K, 17 young (17408K), 17 survivors (17408K)
 Metaspace       used 111050K, committed 111872K, reserved 1179648K
  class space    used 15440K, committed 15808K, reserved 1048576K
}
Event: 20.849 GC heap before
{Heap before GC invocations=41 (full 0):
 garbage-first heap   total 280576K, used 224786K [0x0000000080000000, 0x0000000100000000)
  region size 1024K, 111 young (113664K), 17 survivors (17408K)
 Metaspace       used 116475K, committed 117248K, reserved 1179648K
  class space    used 16476K, committed 16832K, reserved 1048576K
}
Event: 20.880 GC heap after
{Heap after GC invocations=42 (full 0):
 garbage-first heap   total 280576K, used 154336K [0x0000000080000000, 0x0000000100000000)
  region size 1024K, 14 young (14336K), 14 survivors (14336K)
 Metaspace       used 116475K, committed 117248K, reserved 1179648K
  class space    used 16476K, committed 16832K, reserved 1048576K
}
Event: 21.033 GC heap before
{Heap before GC invocations=42 (full 0):
 garbage-first heap   total 280576K, used 219872K [0x0000000080000000, 0x0000000100000000)
  region size 1024K, 79 young (80896K), 14 survivors (14336K)
 Metaspace       used 117531K, committed 118336K, reserved 1179648K
  class space    used 16721K, committed 17088K, reserved 1048576K
}
Event: 21.067 GC heap after
{Heap after GC invocations=43 (full 0):
 garbage-first heap   total 280576K, used 185344K [0x0000000080000000, 0x0000000100000000)
  region size 1024K, 10 young (10240K), 10 survivors (10240K)
 Metaspace       used 117531K, committed 118336K, reserved 1179648K
  class space    used 16721K, committed 17088K, reserved 1048576K
}
Event: 21.271 GC heap before
{Heap before GC invocations=43 (full 0):
 garbage-first heap   total 280576K, used 222208K [0x0000000080000000, 0x0000000100000000)
  region size 1024K, 47 young (48128K), 10 survivors (10240K)
 Metaspace       used 118953K, committed 119744K, reserved 1179648K
  class space    used 16972K, committed 17344K, reserved 1048576K
}
Event: 21.289 GC heap after
{Heap after GC invocations=44 (full 0):
 garbage-first heap   total 280576K, used 198272K [0x0000000080000000, 0x0000000100000000)
  region size 1024K, 6 young (6144K), 6 survivors (6144K)
 Metaspace       used 118953K, committed 119744K, reserved 1179648K
  class space    used 16972K, committed 17344K, reserved 1048576K
}
Event: 21.511 GC heap before
{Heap before GC invocations=44 (full 0):
 garbage-first heap   total 280576K, used 225920K [0x0000000080000000, 0x0000000100000000)
  region size 1024K, 34 young (34816K), 6 survivors (6144K)
 Metaspace       used 121396K, committed 122240K, reserved 1179648K
  class space    used 17410K, committed 17792K, reserved 1048576K
}

