# JRE version: OpenJDK Runtime Environment (17.0.9) (build 17.0.9+0--11185874)
# Java VM: OpenJDK 64-Bit Server VM (17.0.9+0--11185874, mixed mode, tiered, compressed oops, compressed class ptrs, g1 gc, windows-amd64)
GC Precious Log:
 CPUs: 8 total, 8 available
 Memory: 8013M
 Large Page Support: Disabled
 NUMA Support: Disabled
 Compressed Oops: Enabled (32-bit)
 Heap Region Size: 1M
 Heap Min Capacity: 8M
 Heap Initial Capacity: 126M
 Heap Max Capacity: 2G
 Pre-touch: Disabled
 Parallel Workers: 8
 Concurrent Workers: 2
 Concurrent Refinement Workers: 8
 Periodic GC: Disabled
Heap:
 garbage-first heap   total 134144K, used 89018K [0x0000000080000000, 0x0000000100000000)
  region size 1024K, 21 young (21504K), 1 survivors (1024K)
 Metaspace       used 91695K, committed 92352K, reserved 1179648K
  class space    used 12869K, committed 13184K, reserved 1048576K
GC Heap History (20 events):
Event: 35.429 GC heap before
{Heap before GC invocations=32 (full 0):
 garbage-first heap   total 111616K, used 80755K [0x0000000080000000, 0x0000000100000000)
  region size 1024K, 28 young (28672K), 4 survivors (4096K)
 Metaspace       used 71099K, committed 71680K, reserved 1114112K
  class space    used 9707K, committed 9984K, reserved 1048576K
}
Event: 35.432 GC heap after
{Heap after GC invocations=33 (full 0):
 garbage-first heap   total 111616K, used 58527K [0x0000000080000000, 0x0000000100000000)
  region size 1024K, 3 young (3072K), 3 survivors (3072K)
 Metaspace       used 71099K, committed 71680K, reserved 1114112K
  class space    used 9707K, committed 9984K, reserved 1048576K
}
Event: 35.594 GC heap before
{Heap before GC invocations=33 (full 0):
 garbage-first heap   total 111616K, used 59551K [0x0000000080000000, 0x0000000100000000)
  region size 1024K, 5 young (5120K), 3 survivors (3072K)
 Metaspace       used 71317K, committed 71936K, reserved 1114112K
  class space    used 9734K, committed 10048K, reserved 1048576K
}
Event: 35.597 GC heap after
{Heap after GC invocations=34 (full 0):
 garbage-first heap   total 111616K, used 58275K [0x0000000080000000, 0x0000000100000000)
  region size 1024K, 1 young (1024K), 1 survivors (1024K)
 Metaspace       used 71317K, committed 71936K, reserved 1114112K
  class space    used 9734K, committed 10048K, reserved 1048576K
}
Event: 38.643 GC heap before
{Heap before GC invocations=34 (full 0):
 garbage-first heap   total 111616K, used 84899K [0x0000000080000000, 0x0000000100000000)
  region size 1024K, 27 young (27648K), 1 survivors (1024K)
 Metaspace       used 74357K, committed 74944K, reserved 1114112K
  class space    used 10136K, committed 10432K, reserved 1048576K
}
Event: 38.646 GC heap after
{Heap after GC invocations=35 (full 0):
 garbage-first heap   total 134144K, used 59685K [0x0000000080000000, 0x0000000100000000)
  region size 1024K, 2 young (2048K), 2 survivors (2048K)
 Metaspace       used 74357K, committed 74944K, reserved 1114112K
  class space    used 10136K, committed 10432K, reserved 1048576K
}
Event: 40.889 GC heap before
{Heap before GC invocations=36 (full 0):
 garbage-first heap   total 134144K, used 101669K [0x0000000080000000, 0x0000000100000000)
  region size 1024K, 42 young (43008K), 2 survivors (2048K)
 Metaspace       used 76752K, committed 77376K, reserved 1179648K
  class space    used 10462K, committed 10752K, reserved 1048576K
}
Event: 40.892 GC heap after
{Heap after GC invocations=37 (full 0):
 garbage-first heap   total 134144K, used 62224K [0x0000000080000000, 0x0000000100000000)
  region size 1024K, 5 young (5120K), 5 survivors (5120K)
 Metaspace       used 76752K, committed 77376K, reserved 1179648K
  class space    used 10462K, committed 10752K, reserved 1048576K
}
Event: 40.906 GC heap before
{Heap before GC invocations=37 (full 0):
 garbage-first heap   total 134144K, used 63248K [0x0000000080000000, 0x0000000100000000)
  region size 1024K, 6 young (6144K), 5 survivors (5120K)
 Metaspace       used 76825K, committed 77440K, reserved 1179648K
  class space    used 10465K, committed 10752K, reserved 1048576K
}
Event: 40.910 GC heap after
{Heap after GC invocations=38 (full 0):
 garbage-first heap   total 134144K, used 62091K [0x0000000080000000, 0x0000000100000000)
  region size 1024K, 1 young (1024K), 1 survivors (1024K)
 Metaspace       used 76825K, committed 77440K, reserved 1179648K
  class space    used 10465K, committed 10752K, reserved 1048576K
}
Event: 44.295 GC heap before
{Heap before GC invocations=38 (full 0):
 garbage-first heap   total 134144K, used 103051K [0x0000000080000000, 0x0000000100000000)
  region size 1024K, 41 young (41984K), 1 survivors (1024K)
 Metaspace       used 79745K, committed 80320K, reserved 1179648K
  class space    used 11047K, committed 11328K, reserved 1048576K
}
Event: 44.299 GC heap after
{Heap after GC invocations=39 (full 0):
 garbage-first heap   total 134144K, used 62494K [0x0000000080000000, 0x0000000100000000)
  region size 1024K, 2 young (2048K), 2 survivors (2048K)
 Metaspace       used 79745K, committed 80320K, reserved 1179648K
  class space    used 11047K, committed 11328K, reserved 1048576K
}
Event: 51.811 GC heap before
{Heap before GC invocations=39 (full 0):
 garbage-first heap   total 134144K, used 104478K [0x0000000080000000, 0x0000000100000000)
  region size 1024K, 43 young (44032K), 2 survivors (2048K)
 Metaspace       used 83072K, committed 83712K, reserved 1179648K
  class space    used 11532K, committed 11840K, reserved 1048576K
}
Event: 51.815 GC heap after
{Heap after GC invocations=40 (full 0):
 garbage-first heap   total 134144K, used 64287K [0x0000000080000000, 0x0000000100000000)
  region size 1024K, 3 young (3072K), 3 survivors (3072K)
 Metaspace       used 83072K, committed 83712K, reserved 1179648K
  class space    used 11532K, committed 11840K, reserved 1048576K
}
Event: 53.298 GC heap before
{Heap before GC invocations=40 (full 0):
 garbage-first heap   total 134144K, used 107295K [0x0000000080000000, 0x0000000100000000)
  region size 1024K, 45 young (46080K), 3 survivors (3072K)
 Metaspace       used 86380K, committed 87040K, reserved 1179648K
  class space    used 12030K, committed 12352K, reserved 1048576K
}
Event: 53.302 GC heap after
{Heap after GC invocations=41 (full 0):
 garbage-first heap   total 134144K, used 66711K [0x0000000080000000, 0x0000000100000000)
  region size 1024K, 6 young (6144K), 6 survivors (6144K)
 Metaspace       used 86380K, committed 87040K, reserved 1179648K
  class space    used 12030K, committed 12352K, reserved 1048576K
}
Event: 54.244 GC heap before
{Heap before GC invocations=42 (full 0):
 garbage-first heap   total 134144K, used 107671K [0x0000000080000000, 0x0000000100000000)
  region size 1024K, 46 young (47104K), 6 survivors (6144K)
 Metaspace       used 89935K, committed 90624K, reserved 1179648K
  class space    used 12552K, committed 12864K, reserved 1048576K
}
Event: 54.250 GC heap after
{Heap after GC invocations=43 (full 0):
 garbage-first heap   total 134144K, used 69521K [0x0000000080000000, 0x0000000100000000)
  region size 1024K, 6 young (6144K), 6 survivors (6144K)
 Metaspace       used 89935K, committed 90624K, reserved 1179648K
  class space    used 12552K, committed 12864K, reserved 1048576K
}
Event: 54.673 GC heap before
{Heap before GC invocations=43 (full 0):
 garbage-first heap   total 134144K, used 70545K [0x0000000080000000, 0x0000000100000000)
  region size 1024K, 7 young (7168K), 6 survivors (6144K)
 Metaspace       used 90028K, committed 90752K, reserved 1179648K
  class space    used 12564K, committed 12928K, reserved 1048576K
}
Event: 54.687 GC heap after
{Heap after GC invocations=44 (full 0):
 garbage-first heap   total 134144K, used 69562K [0x0000000080000000, 0x0000000100000000)
  region size 1024K, 1 young (1024K), 1 survivors (1024K)
 Metaspace       used 90028K, committed 90752K, reserved 1179648K
  class space    used 12564K, committed 12928K, reserved 1048576K
}

