# JRE version: OpenJDK Runtime Environment (17.0.9) (build 17.0.9+0--11185874)
# Java VM: OpenJDK 64-Bit Server VM (17.0.9+0--11185874, mixed mode, tiered, compressed oops, compressed class ptrs, g1 gc, windows-amd64)
GC Precious Log:
 CPUs: 8 total, 8 available
 Memory: 8013M
 Large Page Support: Disabled
 NUMA Support: Disabled
 Compressed Oops: Enabled (32-bit)
 Heap Region Size: 1M
 Heap Min Capacity: 8M
 Heap Initial Capacity: 126M
 Heap Max Capacity: 2G
 Pre-touch: Disabled
 Parallel Workers: 8
 Concurrent Workers: 2
 Concurrent Refinement Workers: 8
 Periodic GC: Disabled
Heap:
 garbage-first heap   total 274432K, used 203775K [0x0000000080000000, 0x0000000100000000)
  region size 1024K, 5 young (5120K), 5 survivors (5120K)
 Metaspace       used 118917K, committed 119744K, reserved 1179648K
  class space    used 16891K, committed 17280K, reserved 1048576K
GC Heap History (20 events):
Event: 9.735 GC heap after
{Heap after GC invocations=23 (full 0):
 garbage-first heap   total 119808K, used 60734K [0x0000000080000000, 0x0000000100000000)
  region size 1024K, 5 young (5120K), 5 survivors (5120K)
 Metaspace       used 74992K, committed 75584K, reserved 1179648K
  class space    used 10206K, committed 10496K, reserved 1048576K
}
Event: 9.975 GC heap before
{Heap before GC invocations=23 (full 0):
 garbage-first heap   total 119808K, used 83262K [0x0000000080000000, 0x0000000100000000)
  region size 1024K, 28 young (28672K), 5 survivors (5120K)
 Metaspace       used 76527K, committed 77184K, reserved 1179648K
  class space    used 10429K, committed 10752K, reserved 1048576K
}
Event: 9.981 GC heap after
{Heap after GC invocations=24 (full 0):
 garbage-first heap   total 274432K, used 62000K [0x0000000080000000, 0x0000000100000000)
  region size 1024K, 4 young (4096K), 4 survivors (4096K)
 Metaspace       used 76527K, committed 77184K, reserved 1179648K
  class space    used 10429K, committed 10752K, reserved 1048576K
}
Event: 12.716 GC heap before
{Heap before GC invocations=24 (full 0):
 garbage-first heap   total 274432K, used 221744K [0x0000000080000000, 0x0000000100000000)
  region size 1024K, 159 young (162816K), 4 survivors (4096K)
 Metaspace       used 89379K, committed 90048K, reserved 1179648K
  class space    used 12479K, committed 12800K, reserved 1048576K
}
Event: 12.723 GC heap after
{Heap after GC invocations=25 (full 0):
 garbage-first heap   total 274432K, used 68446K [0x0000000080000000, 0x0000000100000000)
  region size 1024K, 11 young (11264K), 11 survivors (11264K)
 Metaspace       used 89379K, committed 90048K, reserved 1179648K
  class space    used 12479K, committed 12800K, reserved 1048576K
}
Event: 14.232 GC heap before
{Heap before GC invocations=25 (full 0):
 garbage-first heap   total 274432K, used 216926K [0x0000000080000000, 0x0000000100000000)
  region size 1024K, 157 young (160768K), 11 survivors (11264K)
 Metaspace       used 93499K, committed 94208K, reserved 1179648K
  class space    used 13104K, committed 13440K, reserved 1048576K
}
Event: 14.250 GC heap after
{Heap after GC invocations=26 (full 0):
 garbage-first heap   total 274432K, used 79072K [0x0000000080000000, 0x0000000100000000)
  region size 1024K, 20 young (20480K), 20 survivors (20480K)
 Metaspace       used 93499K, committed 94208K, reserved 1179648K
  class space    used 13104K, committed 13440K, reserved 1048576K
}
Event: 15.837 GC heap before
{Heap before GC invocations=26 (full 0):
 garbage-first heap   total 274432K, used 223456K [0x0000000080000000, 0x0000000100000000)
  region size 1024K, 155 young (158720K), 20 survivors (20480K)
 Metaspace       used 104828K, committed 105600K, reserved 1179648K
  class space    used 14463K, committed 14848K, reserved 1048576K
}
Event: 15.868 GC heap after
{Heap after GC invocations=27 (full 0):
 garbage-first heap   total 274432K, used 99647K [0x0000000080000000, 0x0000000100000000)
  region size 1024K, 19 young (19456K), 19 survivors (19456K)
 Metaspace       used 104828K, committed 105600K, reserved 1179648K
  class space    used 14463K, committed 14848K, reserved 1048576K
}
Event: 17.364 GC heap before
{Heap before GC invocations=27 (full 0):
 garbage-first heap   total 274432K, used 234815K [0x0000000080000000, 0x0000000100000000)
  region size 1024K, 131 young (134144K), 19 survivors (19456K)
 Metaspace       used 110446K, committed 111232K, reserved 1179648K
  class space    used 15304K, committed 15680K, reserved 1048576K
}
Event: 17.378 GC heap after
{Heap after GC invocations=28 (full 0):
 garbage-first heap   total 274432K, used 115053K [0x0000000080000000, 0x0000000100000000)
  region size 1024K, 12 young (12288K), 12 survivors (12288K)
 Metaspace       used 110446K, committed 111232K, reserved 1179648K
  class space    used 15304K, committed 15680K, reserved 1048576K
}
Event: 17.925 GC heap before
{Heap before GC invocations=28 (full 0):
 garbage-first heap   total 274432K, used 223597K [0x0000000080000000, 0x0000000100000000)
  region size 1024K, 100 young (102400K), 12 survivors (12288K)
 Metaspace       used 113621K, committed 114432K, reserved 1179648K
  class space    used 15816K, committed 16192K, reserved 1048576K
}
Event: 17.952 GC heap after
{Heap after GC invocations=29 (full 0):
 garbage-first heap   total 274432K, used 147196K [0x0000000080000000, 0x0000000100000000)
  region size 1024K, 14 young (14336K), 14 survivors (14336K)
 Metaspace       used 113621K, committed 114432K, reserved 1179648K
  class space    used 15816K, committed 16192K, reserved 1048576K
}
Event: 18.420 GC heap before
{Heap before GC invocations=30 (full 0):
 garbage-first heap   total 274432K, used 212732K [0x0000000080000000, 0x0000000100000000)
  region size 1024K, 78 young (79872K), 14 survivors (14336K)
 Metaspace       used 117515K, committed 118336K, reserved 1179648K
  class space    used 16589K, committed 16960K, reserved 1048576K
}
Event: 18.449 GC heap after
{Heap after GC invocations=31 (full 0):
 garbage-first heap   total 274432K, used 167933K [0x0000000080000000, 0x0000000100000000)
  region size 1024K, 10 young (10240K), 10 survivors (10240K)
 Metaspace       used 117515K, committed 118336K, reserved 1179648K
  class space    used 16589K, committed 16960K, reserved 1048576K
}
Event: 18.459 GC heap before
{Heap before GC invocations=31 (full 0):
 garbage-first heap   total 274432K, used 171005K [0x0000000080000000, 0x0000000100000000)
  region size 1024K, 13 young (13312K), 10 survivors (10240K)
 Metaspace       used 117528K, committed 118336K, reserved 1179648K
  class space    used 16592K, committed 16960K, reserved 1048576K
}
Event: 18.472 GC heap after
{Heap after GC invocations=32 (full 0):
 garbage-first heap   total 274432K, used 171007K [0x0000000080000000, 0x0000000100000000)
  region size 1024K, 2 young (2048K), 2 survivors (2048K)
 Metaspace       used 117528K, committed 118336K, reserved 1179648K
  class space    used 16592K, committed 16960K, reserved 1048576K
}
Event: 18.578 GC heap before
{Heap before GC invocations=32 (full 0):
 garbage-first heap   total 274432K, used 215039K [0x0000000080000000, 0x0000000100000000)
  region size 1024K, 46 young (47104K), 2 survivors (2048K)
 Metaspace       used 118353K, committed 119168K, reserved 1179648K
  class space    used 16834K, committed 17216K, reserved 1048576K
}
Event: 18.594 GC heap after
{Heap after GC invocations=33 (full 0):
 garbage-first heap   total 274432K, used 190775K [0x0000000080000000, 0x0000000100000000)
  region size 1024K, 6 young (6144K), 6 survivors (6144K)
 Metaspace       used 118353K, committed 119168K, reserved 1179648K
  class space    used 16834K, committed 17216K, reserved 1048576K
}
Event: 18.711 GC heap before
{Heap before GC invocations=33 (full 0):
 garbage-first heap   total 274432K, used 218423K [0x0000000080000000, 0x0000000100000000)
  region size 1024K, 34 young (34816K), 6 survivors (6144K)
 Metaspace       used 118917K, committed 119744K, reserved 1179648K
  class space    used 16891K, committed 17280K, reserved 1048576K
}

