# JRE version: OpenJDK Runtime Environment (17.0.9) (build 17.0.9+0--11185874)
# Java VM: OpenJDK 64-Bit Server VM (17.0.9+0--11185874, mixed mode, tiered, compressed oops, compressed class ptrs, g1 gc, windows-amd64)
GC Precious Log:
 CPUs: 8 total, 8 available
 Memory: 8013M
 Large Page Support: Disabled
 NUMA Support: Disabled
 Compressed Oops: Enabled (32-bit)
 Heap Region Size: 1M
 Heap Min Capacity: 8M
 Heap Initial Capacity: 126M
 Heap Max Capacity: 2G
 Pre-touch: Disabled
 Parallel Workers: 8
 Concurrent Workers: 2
 Concurrent Refinement Workers: 8
 Periodic GC: Disabled
Heap:
 garbage-first heap   total 363520K, used 203100K [0x0000000080000000, 0x0000000100000000)
  region size 1024K, 10 young (10240K), 10 survivors (10240K)
 Metaspace       used 126211K, committed 127040K, reserved 1179648K
  class space    used 18106K, committed 18496K, reserved 1048576K
GC Heap History (20 events):
Event: 16.237 GC heap after
{Heap after GC invocations=39 (full 0):
 garbage-first heap   total 225280K, used 107404K [0x0000000080000000, 0x0000000100000000)
  region size 1024K, 12 young (12288K), 12 survivors (12288K)
 Metaspace       used 108532K, committed 109376K, reserved 1179648K
  class space    used 14961K, committed 15360K, reserved 1048576K
}
Event: 16.387 GC heap before
{Heap before GC invocations=39 (full 0):
 garbage-first heap   total 225280K, used 154508K [0x0000000080000000, 0x0000000100000000)
  region size 1024K, 35 young (35840K), 12 survivors (12288K)
 Metaspace       used 110148K, committed 110976K, reserved 1179648K
  class space    used 15254K, committed 15680K, reserved 1048576K
}
Event: 16.398 GC heap after
{Heap after GC invocations=40 (full 0):
 garbage-first heap   total 225280K, used 126414K [0x0000000080000000, 0x0000000100000000)
  region size 1024K, 5 young (5120K), 5 survivors (5120K)
 Metaspace       used 110148K, committed 110976K, reserved 1179648K
  class space    used 15254K, committed 15680K, reserved 1048576K
}
Event: 16.732 GC heap before
{Heap before GC invocations=40 (full 0):
 garbage-first heap   total 225280K, used 187854K [0x0000000080000000, 0x0000000100000000)
  region size 1024K, 63 young (64512K), 5 survivors (5120K)
 Metaspace       used 112922K, committed 113728K, reserved 1179648K
  class space    used 15716K, committed 16128K, reserved 1048576K
}
Event: 16.750 GC heap after
{Heap after GC invocations=41 (full 0):
 garbage-first heap   total 225280K, used 139445K [0x0000000080000000, 0x0000000100000000)
  region size 1024K, 8 young (8192K), 8 survivors (8192K)
 Metaspace       used 112922K, committed 113728K, reserved 1179648K
  class space    used 15716K, committed 16128K, reserved 1048576K
}
Event: 17.021 GC heap before
{Heap before GC invocations=41 (full 0):
 garbage-first heap   total 225280K, used 181429K [0x0000000080000000, 0x0000000100000000)
  region size 1024K, 48 young (49152K), 8 survivors (8192K)
 Metaspace       used 116035K, committed 116864K, reserved 1179648K
  class space    used 16229K, committed 16640K, reserved 1048576K
}
Event: 17.040 GC heap after
{Heap after GC invocations=42 (full 0):
 garbage-first heap   total 225280K, used 149504K [0x0000000080000000, 0x0000000100000000)
  region size 1024K, 6 young (6144K), 6 survivors (6144K)
 Metaspace       used 116035K, committed 116864K, reserved 1179648K
  class space    used 16229K, committed 16640K, reserved 1048576K
}
Event: 17.147 GC heap before
{Heap before GC invocations=42 (full 0):
 garbage-first heap   total 225280K, used 163840K [0x0000000080000000, 0x0000000100000000)
  region size 1024K, 22 young (22528K), 6 survivors (6144K)
 Metaspace       used 118160K, committed 118976K, reserved 1179648K
  class space    used 16823K, committed 17216K, reserved 1048576K
}
Event: 17.158 GC heap after
{Heap after GC invocations=43 (full 0):
 garbage-first heap   total 323584K, used 151404K [0x0000000080000000, 0x0000000100000000)
  region size 1024K, 2 young (2048K), 2 survivors (2048K)
 Metaspace       used 118160K, committed 118976K, reserved 1179648K
  class space    used 16823K, committed 17216K, reserved 1048576K
}
Event: 17.784 GC heap before
{Heap before GC invocations=44 (full 0):
 garbage-first heap   total 323584K, used 252780K [0x0000000080000000, 0x0000000100000000)
  region size 1024K, 102 young (104448K), 2 survivors (2048K)
 Metaspace       used 120709K, committed 121536K, reserved 1179648K
  class space    used 17297K, committed 17728K, reserved 1048576K
}
Event: 17.824 GC heap after
{Heap after GC invocations=45 (full 0):
 garbage-first heap   total 323584K, used 193536K [0x0000000080000000, 0x0000000100000000)
  region size 1024K, 13 young (13312K), 13 survivors (13312K)
 Metaspace       used 120709K, committed 121536K, reserved 1179648K
  class space    used 17297K, committed 17728K, reserved 1048576K
}
Event: 17.843 GC heap before
{Heap before GC invocations=45 (full 0):
 garbage-first heap   total 323584K, used 195584K [0x0000000080000000, 0x0000000100000000)
  region size 1024K, 15 young (15360K), 13 survivors (13312K)
 Metaspace       used 120747K, committed 121600K, reserved 1179648K
  class space    used 17300K, committed 17728K, reserved 1048576K
}
Event: 17.868 GC heap after
{Heap after GC invocations=46 (full 0):
 garbage-first heap   total 323584K, used 195072K [0x0000000080000000, 0x0000000100000000)
  region size 1024K, 2 young (2048K), 2 survivors (2048K)
 Metaspace       used 120747K, committed 121600K, reserved 1179648K
  class space    used 17300K, committed 17728K, reserved 1048576K
}
Event: 18.307 GC heap before
{Heap before GC invocations=46 (full 0):
 garbage-first heap   total 323584K, used 250368K [0x0000000080000000, 0x0000000100000000)
  region size 1024K, 57 young (58368K), 2 survivors (2048K)
 Metaspace       used 123233K, committed 124032K, reserved 1179648K
  class space    used 17659K, committed 18048K, reserved 1048576K
}
Event: 18.322 GC heap after
{Heap after GC invocations=47 (full 0):
 garbage-first heap   total 323584K, used 203776K [0x0000000080000000, 0x0000000100000000)
  region size 1024K, 8 young (8192K), 8 survivors (8192K)
 Metaspace       used 123233K, committed 124032K, reserved 1179648K
  class space    used 17659K, committed 18048K, reserved 1048576K
}
Event: 19.021 GC heap before
{Heap before GC invocations=48 (full 0):
 garbage-first heap   total 363520K, used 244736K [0x0000000080000000, 0x0000000100000000)
  region size 1024K, 60 young (61440K), 8 survivors (8192K)
 Metaspace       used 125571K, committed 126400K, reserved 1179648K
  class space    used 18087K, committed 18496K, reserved 1048576K
}
Event: 19.034 GC heap after
{Heap after GC invocations=49 (full 0):
 garbage-first heap   total 363520K, used 197127K [0x0000000080000000, 0x0000000100000000)
  region size 1024K, 6 young (6144K), 6 survivors (6144K)
 Metaspace       used 125571K, committed 126400K, reserved 1179648K
  class space    used 18087K, committed 18496K, reserved 1048576K
}
Event: 19.115 GC heap before
{Heap before GC invocations=49 (full 0):
 garbage-first heap   total 363520K, used 208391K [0x0000000080000000, 0x0000000100000000)
  region size 1024K, 17 young (17408K), 6 survivors (6144K)
 Metaspace       used 125628K, committed 126400K, reserved 1179648K
  class space    used 18088K, committed 18496K, reserved 1048576K
}
Event: 19.131 GC heap after
{Heap after GC invocations=50 (full 0):
 garbage-first heap   total 363520K, used 195154K [0x0000000080000000, 0x0000000100000000)
  region size 1024K, 3 young (3072K), 3 survivors (3072K)
 Metaspace       used 125628K, committed 126400K, reserved 1179648K
  class space    used 18088K, committed 18496K, reserved 1048576K
}
Event: 19.617 GC heap before
{Heap before GC invocations=50 (full 0):
 garbage-first heap   total 363520K, used 278098K [0x0000000080000000, 0x0000000100000000)
  region size 1024K, 84 young (86016K), 3 survivors (3072K)
 Metaspace       used 126211K, committed 127040K, reserved 1179648K
  class space    used 18106K, committed 18496K, reserved 1048576K
}

