# JRE version: OpenJDK Runtime Environment (17.0.9) (build 17.0.9+0--11185874)
# Java VM: OpenJDK 64-Bit Server VM (17.0.9+0--11185874, mixed mode, tiered, compressed oops, compressed class ptrs, g1 gc, windows-amd64)
GC Precious Log:
 CPUs: 8 total, 8 available
 Memory: 8013M
 Large Page Support: Disabled
 NUMA Support: Disabled
 Compressed Oops: Enabled (32-bit)
 Heap Region Size: 1M
 Heap Min Capacity: 8M
 Heap Initial Capacity: 126M
 Heap Max Capacity: 2G
 Pre-touch: Disabled
 Parallel Workers: 8
 Concurrent Workers: 2
 Concurrent Refinement Workers: 8
 Periodic GC: Disabled
Heap:
 garbage-first heap   total 382976K, used 258824K [0x0000000080000000, 0x0000000100000000)
  region size 1024K, 2 young (2048K), 2 survivors (2048K)
 Metaspace       used 126918K, committed 127744K, reserved 1179648K
  class space    used 18223K, committed 18624K, reserved 1048576K
GC Heap History (20 events):
Event: 16.202 GC heap after
{Heap after GC invocations=37 (full 0):
 garbage-first heap   total 229376K, used 116736K [0x0000000080000000, 0x0000000100000000)
  region size 1024K, 13 young (13312K), 13 survivors (13312K)
 Metaspace       used 109484K, committed 110208K, reserved 1179648K
  class space    used 15204K, committed 15552K, reserved 1048576K
}
Event: 16.517 GC heap before
{Heap before GC invocations=37 (full 0):
 garbage-first heap   total 229376K, used 198656K [0x0000000080000000, 0x0000000100000000)
  region size 1024K, 80 young (81920K), 13 survivors (13312K)
 Metaspace       used 113133K, committed 113920K, reserved 1179648K
  class space    used 15812K, committed 16192K, reserved 1048576K
}
Event: 16.537 GC heap after
{Heap after GC invocations=38 (full 0):
 garbage-first heap   total 229376K, used 137021K [0x0000000080000000, 0x0000000100000000)
  region size 1024K, 10 young (10240K), 10 survivors (10240K)
 Metaspace       used 113133K, committed 113920K, reserved 1179648K
  class space    used 15812K, committed 16192K, reserved 1048576K
}
Event: 16.748 GC heap before
{Heap before GC invocations=38 (full 0):
 garbage-first heap   total 229376K, used 186173K [0x0000000080000000, 0x0000000100000000)
  region size 1024K, 57 young (58368K), 10 survivors (10240K)
 Metaspace       used 117314K, committed 118144K, reserved 1179648K
  class space    used 16711K, committed 17088K, reserved 1048576K
}
Event: 16.764 GC heap after
{Heap after GC invocations=39 (full 0):
 garbage-first heap   total 229376K, used 147382K [0x0000000080000000, 0x0000000100000000)
  region size 1024K, 8 young (8192K), 8 survivors (8192K)
 Metaspace       used 117314K, committed 118144K, reserved 1179648K
  class space    used 16711K, committed 17088K, reserved 1048576K
}
Event: 16.950 GC heap before
{Heap before GC invocations=39 (full 0):
 garbage-first heap   total 229376K, used 186294K [0x0000000080000000, 0x0000000100000000)
  region size 1024K, 47 young (48128K), 8 survivors (8192K)
 Metaspace       used 119747K, committed 120512K, reserved 1179648K
  class space    used 17206K, committed 17600K, reserved 1048576K
}
Event: 16.966 GC heap after
{Heap after GC invocations=40 (full 0):
 garbage-first heap   total 229376K, used 159399K [0x0000000080000000, 0x0000000100000000)
  region size 1024K, 6 young (6144K), 6 survivors (6144K)
 Metaspace       used 119747K, committed 120512K, reserved 1179648K
  class space    used 17206K, committed 17600K, reserved 1048576K
}
Event: 17.024 GC heap before
{Heap before GC invocations=40 (full 0):
 garbage-first heap   total 229376K, used 186023K [0x0000000080000000, 0x0000000100000000)
  region size 1024K, 33 young (33792K), 6 survivors (6144K)
 Metaspace       used 120103K, committed 120896K, reserved 1179648K
  class space    used 17242K, committed 17600K, reserved 1048576K
}
Event: 17.039 GC heap after
{Heap after GC invocations=41 (full 0):
 garbage-first heap   total 382976K, used 172936K [0x0000000080000000, 0x0000000100000000)
  region size 1024K, 5 young (5120K), 5 survivors (5120K)
 Metaspace       used 120103K, committed 120896K, reserved 1179648K
  class space    used 17242K, committed 17600K, reserved 1048576K
}
Event: 17.536 GC heap before
{Heap before GC invocations=41 (full 0):
 garbage-first heap   total 382976K, used 275336K [0x0000000080000000, 0x0000000100000000)
  region size 1024K, 106 young (108544K), 5 survivors (5120K)
 Metaspace       used 123230K, committed 124032K, reserved 1179648K
  class space    used 17730K, committed 18112K, reserved 1048576K
}
Event: 17.764 GC heap after
{Heap after GC invocations=42 (full 0):
 garbage-first heap   total 382976K, used 201033K [0x0000000080000000, 0x0000000100000000)
  region size 1024K, 14 young (14336K), 14 survivors (14336K)
 Metaspace       used 123230K, committed 124032K, reserved 1179648K
  class space    used 17730K, committed 18112K, reserved 1048576K
}
Event: 18.668 GC heap before
{Heap before GC invocations=42 (full 0):
 garbage-first heap   total 382976K, used 285001K [0x0000000080000000, 0x0000000100000000)
  region size 1024K, 97 young (99328K), 14 survivors (14336K)
 Metaspace       used 126189K, committed 126976K, reserved 1179648K
  class space    used 18201K, committed 18560K, reserved 1048576K
}
Event: 18.703 GC heap after
{Heap after GC invocations=43 (full 0):
 garbage-first heap   total 382976K, used 211968K [0x0000000080000000, 0x0000000100000000)
  region size 1024K, 11 young (11264K), 11 survivors (11264K)
 Metaspace       used 126189K, committed 126976K, reserved 1179648K
  class space    used 18201K, committed 18560K, reserved 1048576K
}
Event: 19.695 GC heap before
{Heap before GC invocations=43 (full 0):
 garbage-first heap   total 382976K, used 295936K [0x0000000080000000, 0x0000000100000000)
  region size 1024K, 91 young (93184K), 11 survivors (11264K)
 Metaspace       used 126583K, committed 127488K, reserved 1179648K
  class space    used 18210K, committed 18624K, reserved 1048576K
}
Event: 19.711 GC heap after
{Heap after GC invocations=44 (full 0):
 garbage-first heap   total 382976K, used 214520K [0x0000000080000000, 0x0000000100000000)
  region size 1024K, 6 young (6144K), 6 survivors (6144K)
 Metaspace       used 126583K, committed 127488K, reserved 1179648K
  class space    used 18210K, committed 18624K, reserved 1048576K
}
Event: 20.469 GC heap before
{Heap before GC invocations=44 (full 0):
 garbage-first heap   total 382976K, used 308728K [0x0000000080000000, 0x0000000100000000)
  region size 1024K, 89 young (91136K), 6 survivors (6144K)
 Metaspace       used 126701K, committed 127552K, reserved 1179648K
  class space    used 18213K, committed 18624K, reserved 1048576K
}
Event: 20.479 GC heap after
{Heap after GC invocations=45 (full 0):
 garbage-first heap   total 382976K, used 222767K [0x0000000080000000, 0x0000000100000000)
  region size 1024K, 5 young (5120K), 5 survivors (5120K)
 Metaspace       used 126701K, committed 127552K, reserved 1179648K
  class space    used 18213K, committed 18624K, reserved 1048576K
}
Event: 21.129 GC heap before
{Heap before GC invocations=45 (full 0):
 garbage-first heap   total 382976K, used 317999K [0x0000000080000000, 0x0000000100000000)
  region size 1024K, 88 young (90112K), 5 survivors (5120K)
 Metaspace       used 126837K, committed 127680K, reserved 1179648K
  class space    used 18223K, committed 18624K, reserved 1048576K
}
Event: 21.152 GC heap after
{Heap after GC invocations=46 (full 0):
 garbage-first heap   total 382976K, used 248369K [0x0000000080000000, 0x0000000100000000)
  region size 1024K, 11 young (11264K), 11 survivors (11264K)
 Metaspace       used 126837K, committed 127680K, reserved 1179648K
  class space    used 18223K, committed 18624K, reserved 1048576K
}
Event: 21.504 GC heap before
{Heap before GC invocations=46 (full 0):
 garbage-first heap   total 382976K, used 322097K [0x0000000080000000, 0x0000000100000000)
  region size 1024K, 73 young (74752K), 11 survivors (11264K)
 Metaspace       used 126918K, committed 127744K, reserved 1179648K
  class space    used 18223K, committed 18624K, reserved 1048576K
}

