# JRE version: OpenJDK Runtime Environment (17.0.9) (build 17.0.9+0--11185874)
# Java VM: OpenJDK 64-Bit Server VM (17.0.9+0--11185874, mixed mode, tiered, compressed oops, compressed class ptrs, g1 gc, windows-amd64)
GC Precious Log:
 CPUs: 8 total, 8 available
 Memory: 8013M
 Large Page Support: Disabled
 NUMA Support: Disabled
 Compressed Oops: Enabled (32-bit)
 Heap Region Size: 1M
 Heap Min Capacity: 8M
 Heap Initial Capacity: 126M
 Heap Max Capacity: 2G
 Pre-touch: Disabled
 Parallel Workers: 8
 Concurrent Workers: 2
 Concurrent Refinement Workers: 8
 Periodic GC: Disabled
Heap:
 garbage-first heap   total 203776K, used 125777K [0x0000000080000000, 0x0000000100000000)
  region size 1024K, 65 young (66560K), 7 survivors (7168K)
 Metaspace       used 91738K, committed 92416K, reserved 1179648K
  class space    used 12865K, committed 13184K, reserved 1048576K
GC Heap History (20 events):
Event: 8.249 GC heap before
{Heap before GC invocations=27 (full 0):
 garbage-first heap   total 94208K, used 53470K [0x0000000080000000, 0x0000000100000000)
  region size 1024K, 4 young (4096K), 2 survivors (2048K)
 Metaspace       used 61924K, committed 62464K, reserved 1114112K
  class space    used 8431K, committed 8704K, reserved 1048576K
}
Event: 8.251 GC heap after
{Heap after GC invocations=28 (full 0):
 garbage-first heap   total 94208K, used 51313K [0x0000000080000000, 0x0000000100000000)
  region size 1024K, 1 young (1024K), 1 survivors (1024K)
 Metaspace       used 61924K, committed 62464K, reserved 1114112K
  class space    used 8431K, committed 8704K, reserved 1048576K
}
Event: 8.590 GC heap before
{Heap before GC invocations=28 (full 0):
 garbage-first heap   total 94208K, used 72817K [0x0000000080000000, 0x0000000100000000)
  region size 1024K, 22 young (22528K), 1 survivors (1024K)
 Metaspace       used 64029K, committed 64640K, reserved 1114112K
  class space    used 8757K, committed 9088K, reserved 1048576K
}
Event: 8.592 GC heap after
{Heap after GC invocations=29 (full 0):
 garbage-first heap   total 113664K, used 52098K [0x0000000080000000, 0x0000000100000000)
  region size 1024K, 2 young (2048K), 2 survivors (2048K)
 Metaspace       used 64029K, committed 64640K, reserved 1114112K
  class space    used 8757K, committed 9088K, reserved 1048576K
}
Event: 8.973 GC heap before
{Heap before GC invocations=30 (full 0):
 garbage-first heap   total 113664K, used 92034K [0x0000000080000000, 0x0000000100000000)
  region size 1024K, 35 young (35840K), 2 survivors (2048K)
 Metaspace       used 66549K, committed 67200K, reserved 1114112K
  class space    used 9094K, committed 9408K, reserved 1048576K
}
Event: 8.977 GC heap after
{Heap after GC invocations=31 (full 0):
 garbage-first heap   total 113664K, used 55924K [0x0000000080000000, 0x0000000100000000)
  region size 1024K, 5 young (5120K), 5 survivors (5120K)
 Metaspace       used 66549K, committed 67200K, reserved 1114112K
  class space    used 9094K, committed 9408K, reserved 1048576K
}
Event: 8.984 GC heap before
{Heap before GC invocations=31 (full 0):
 garbage-first heap   total 113664K, used 55924K [0x0000000080000000, 0x0000000100000000)
  region size 1024K, 6 young (6144K), 5 survivors (5120K)
 Metaspace       used 66622K, committed 67264K, reserved 1114112K
  class space    used 9101K, committed 9408K, reserved 1048576K
}
Event: 8.986 GC heap after
{Heap after GC invocations=32 (full 0):
 garbage-first heap   total 113664K, used 55940K [0x0000000080000000, 0x0000000100000000)
  region size 1024K, 1 young (1024K), 1 survivors (1024K)
 Metaspace       used 66622K, committed 67264K, reserved 1114112K
  class space    used 9101K, committed 9408K, reserved 1048576K
}
Event: 9.278 GC heap before
{Heap before GC invocations=32 (full 0):
 garbage-first heap   total 113664K, used 87684K [0x0000000080000000, 0x0000000100000000)
  region size 1024K, 32 young (32768K), 1 survivors (1024K)
 Metaspace       used 68976K, committed 69632K, reserved 1114112K
  class space    used 9398K, committed 9728K, reserved 1048576K
}
Event: 9.280 GC heap after
{Heap after GC invocations=33 (full 0):
 garbage-first heap   total 113664K, used 57139K [0x0000000080000000, 0x0000000100000000)
  region size 1024K, 2 young (2048K), 2 survivors (2048K)
 Metaspace       used 68976K, committed 69632K, reserved 1114112K
  class space    used 9398K, committed 9728K, reserved 1048576K
}
Event: 9.708 GC heap before
{Heap before GC invocations=34 (full 0):
 garbage-first heap   total 113664K, used 88883K [0x0000000080000000, 0x0000000100000000)
  region size 1024K, 33 young (33792K), 2 survivors (2048K)
 Metaspace       used 72112K, committed 72768K, reserved 1114112K
  class space    used 9845K, committed 10176K, reserved 1048576K
}
Event: 9.711 GC heap after
{Heap after GC invocations=35 (full 0):
 garbage-first heap   total 113664K, used 58336K [0x0000000080000000, 0x0000000100000000)
  region size 1024K, 3 young (3072K), 3 survivors (3072K)
 Metaspace       used 72112K, committed 72768K, reserved 1114112K
  class space    used 9845K, committed 10176K, reserved 1048576K
}
Event: 10.065 GC heap before
{Heap before GC invocations=35 (full 0):
 garbage-first heap   total 113664K, used 90080K [0x0000000080000000, 0x0000000100000000)
  region size 1024K, 35 young (35840K), 3 survivors (3072K)
 Metaspace       used 74733K, committed 75392K, reserved 1114112K
  class space    used 10169K, committed 10496K, reserved 1048576K
}
Event: 10.069 GC heap after
{Heap after GC invocations=36 (full 0):
 garbage-first heap   total 113664K, used 61059K [0x0000000080000000, 0x0000000100000000)
  region size 1024K, 4 young (4096K), 4 survivors (4096K)
 Metaspace       used 74733K, committed 75392K, reserved 1114112K
  class space    used 10169K, committed 10496K, reserved 1048576K
}
Event: 10.397 GC heap before
{Heap before GC invocations=36 (full 0):
 garbage-first heap   total 113664K, used 91779K [0x0000000080000000, 0x0000000100000000)
  region size 1024K, 34 young (34816K), 4 survivors (4096K)
 Metaspace       used 76798K, committed 77376K, reserved 1179648K
  class space    used 10460K, committed 10752K, reserved 1048576K
}
Event: 10.401 GC heap after
{Heap after GC invocations=37 (full 0):
 garbage-first heap   total 113664K, used 63280K [0x0000000080000000, 0x0000000100000000)
  region size 1024K, 5 young (5120K), 5 survivors (5120K)
 Metaspace       used 76798K, committed 77376K, reserved 1179648K
  class space    used 10460K, committed 10752K, reserved 1048576K
}
Event: 10.780 GC heap before
{Heap before GC invocations=37 (full 0):
 garbage-first heap   total 113664K, used 91952K [0x0000000080000000, 0x0000000100000000)
  region size 1024K, 33 young (33792K), 5 survivors (5120K)
 Metaspace       used 78875K, committed 79488K, reserved 1179648K
  class space    used 10874K, committed 11200K, reserved 1048576K
}
Event: 10.784 GC heap after
{Heap after GC invocations=38 (full 0):
 garbage-first heap   total 203776K, used 62971K [0x0000000080000000, 0x0000000100000000)
  region size 1024K, 2 young (2048K), 2 survivors (2048K)
 Metaspace       used 78875K, committed 79488K, reserved 1179648K
  class space    used 10874K, committed 11200K, reserved 1048576K
}
Event: 12.687 GC heap before
{Heap before GC invocations=38 (full 0):
 garbage-first heap   total 203776K, used 165371K [0x0000000080000000, 0x0000000100000000)
  region size 1024K, 102 young (104448K), 2 survivors (2048K)
 Metaspace       used 86843K, committed 87488K, reserved 1179648K
  class space    used 12144K, committed 12416K, reserved 1048576K
}
Event: 12.692 GC heap after
{Heap after GC invocations=39 (full 0):
 garbage-first heap   total 203776K, used 67409K [0x0000000080000000, 0x0000000100000000)
  region size 1024K, 7 young (7168K), 7 survivors (7168K)
 Metaspace       used 86843K, committed 87488K, reserved 1179648K
  class space    used 12144K, committed 12416K, reserved 1048576K
}

