# JRE version: OpenJDK Runtime Environment (17.0.9) (build 17.0.9+0--11185874)
# Java VM: OpenJDK 64-Bit Server VM (17.0.9+0--11185874, mixed mode, tiered, compressed oops, compressed class ptrs, g1 gc, windows-amd64)
GC Precious Log:
 CPUs: 8 total, 8 available
 Memory: 8013M
 Large Page Support: Disabled
 NUMA Support: Disabled
 Compressed Oops: Enabled (32-bit)
 Heap Region Size: 1M
 Heap Min Capacity: 8M
 Heap Initial Capacity: 126M
 Heap Max Capacity: 2G
 Pre-touch: Disabled
 Parallel Workers: 8
 Concurrent Workers: 2
 Concurrent Refinement Workers: 8
 Periodic GC: Disabled
Heap:
 garbage-first heap   total 247808K, used 216165K [0x0000000080000000, 0x0000000100000000)
  region size 1024K, 8 young (8192K), 2 survivors (2048K)
 Metaspace       used 159310K, committed 160192K, reserved 1245184K
  class space    used 20733K, committed 21184K, reserved 1048576K
GC Heap History (20 events):
Event: 119.257 GC heap before
{Heap before GC invocations=70 (full 0):
 garbage-first heap   total 247808K, used 209591K [0x0000000080000000, 0x0000000100000000)
  region size 1024K, 36 young (36864K), 5 survivors (5120K)
 Metaspace       used 148836K, committed 149696K, reserved 1179648K
  class space    used 19061K, committed 19456K, reserved 1048576K
}
Event: 119.263 GC heap after
{Heap after GC invocations=71 (full 0):
 garbage-first heap   total 247808K, used 178744K [0x0000000080000000, 0x0000000100000000)
  region size 1024K, 3 young (3072K), 3 survivors (3072K)
 Metaspace       used 148836K, committed 149696K, reserved 1179648K
  class space    used 19061K, committed 19456K, reserved 1048576K
}
Event: 119.902 GC heap before
{Heap before GC invocations=71 (full 0):
 garbage-first heap   total 247808K, used 210488K [0x0000000080000000, 0x0000000100000000)
  region size 1024K, 34 young (34816K), 3 survivors (3072K)
 Metaspace       used 151059K, committed 151872K, reserved 1245184K
  class space    used 19502K, committed 19904K, reserved 1048576K
}
Event: 119.906 GC heap after
{Heap after GC invocations=72 (full 0):
 garbage-first heap   total 247808K, used 178589K [0x0000000080000000, 0x0000000100000000)
  region size 1024K, 2 young (2048K), 2 survivors (2048K)
 Metaspace       used 151059K, committed 151872K, reserved 1245184K
  class space    used 19502K, committed 19904K, reserved 1048576K
}
Event: 120.571 GC heap before
{Heap before GC invocations=72 (full 0):
 garbage-first heap   total 247808K, used 212381K [0x0000000080000000, 0x0000000100000000)
  region size 1024K, 35 young (35840K), 2 survivors (2048K)
 Metaspace       used 153514K, committed 154432K, reserved 1245184K
  class space    used 19898K, committed 20288K, reserved 1048576K
}
Event: 120.576 GC heap after
{Heap after GC invocations=73 (full 0):
 garbage-first heap   total 247808K, used 179938K [0x0000000080000000, 0x0000000100000000)
  region size 1024K, 4 young (4096K), 4 survivors (4096K)
 Metaspace       used 153514K, committed 154432K, reserved 1245184K
  class space    used 19898K, committed 20288K, reserved 1048576K
}
Event: 120.992 GC heap before
{Heap before GC invocations=73 (full 0):
 garbage-first heap   total 247808K, used 203490K [0x0000000080000000, 0x0000000100000000)
  region size 1024K, 21 young (21504K), 4 survivors (4096K)
 Metaspace       used 154920K, committed 155776K, reserved 1245184K
  class space    used 20087K, committed 20480K, reserved 1048576K
}
Event: 120.997 GC heap after
{Heap after GC invocations=74 (full 0):
 garbage-first heap   total 247808K, used 183825K [0x0000000080000000, 0x0000000100000000)
  region size 1024K, 5 young (5120K), 5 survivors (5120K)
 Metaspace       used 154920K, committed 155776K, reserved 1245184K
  class space    used 20087K, committed 20480K, reserved 1048576K
}
Event: 122.323 GC heap before
{Heap before GC invocations=74 (full 0):
 garbage-first heap   total 247808K, used 214545K [0x0000000080000000, 0x0000000100000000)
  region size 1024K, 33 young (33792K), 5 survivors (5120K)
 Metaspace       used 157991K, committed 158912K, reserved 1245184K
  class space    used 20556K, committed 20992K, reserved 1048576K
}
Event: 122.334 GC heap after
{Heap after GC invocations=75 (full 0):
 garbage-first heap   total 247808K, used 190712K [0x0000000080000000, 0x0000000100000000)
  region size 1024K, 4 young (4096K), 4 survivors (4096K)
 Metaspace       used 157991K, committed 158912K, reserved 1245184K
  class space    used 20556K, committed 20992K, reserved 1048576K
}
Event: 123.064 GC heap before
{Heap before GC invocations=75 (full 0):
 garbage-first heap   total 247808K, used 213240K [0x0000000080000000, 0x0000000100000000)
  region size 1024K, 27 young (27648K), 4 survivors (4096K)
 Metaspace       used 158577K, committed 159488K, reserved 1245184K
  class space    used 20632K, committed 21056K, reserved 1048576K
}
Event: 123.070 GC heap after
{Heap after GC invocations=76 (full 0):
 garbage-first heap   total 247808K, used 192696K [0x0000000080000000, 0x0000000100000000)
  region size 1024K, 3 young (3072K), 3 survivors (3072K)
 Metaspace       used 158577K, committed 159488K, reserved 1245184K
  class space    used 20632K, committed 21056K, reserved 1048576K
}
Event: 123.405 GC heap before
{Heap before GC invocations=76 (full 0):
 garbage-first heap   total 247808K, used 217272K [0x0000000080000000, 0x0000000100000000)
  region size 1024K, 24 young (24576K), 3 survivors (3072K)
 Metaspace       used 159308K, committed 160192K, reserved 1245184K
  class space    used 20732K, committed 21184K, reserved 1048576K
}
Event: 123.411 GC heap after
{Heap after GC invocations=77 (full 0):
 garbage-first heap   total 247808K, used 201473K [0x0000000080000000, 0x0000000100000000)
  region size 1024K, 3 young (3072K), 3 survivors (3072K)
 Metaspace       used 159308K, committed 160192K, reserved 1245184K
  class space    used 20732K, committed 21184K, reserved 1048576K
}
Event: 123.508 GC heap before
{Heap before GC invocations=77 (full 0):
 garbage-first heap   total 247808K, used 213761K [0x0000000080000000, 0x0000000100000000)
  region size 1024K, 16 young (16384K), 3 survivors (3072K)
 Metaspace       used 159309K, committed 160192K, reserved 1245184K
  class space    used 20733K, committed 21184K, reserved 1048576K
}
Event: 123.516 GC heap after
{Heap after GC invocations=78 (full 0):
 garbage-first heap   total 247808K, used 206813K [0x0000000080000000, 0x0000000100000000)
  region size 1024K, 2 young (2048K), 2 survivors (2048K)
 Metaspace       used 159309K, committed 160192K, reserved 1245184K
  class space    used 20733K, committed 21184K, reserved 1048576K
}
Event: 123.556 GC heap before
{Heap before GC invocations=78 (full 0):
 garbage-first heap   total 247808K, used 217053K [0x0000000080000000, 0x0000000100000000)
  region size 1024K, 12 young (12288K), 2 survivors (2048K)
 Metaspace       used 159309K, committed 160192K, reserved 1245184K
  class space    used 20733K, committed 21184K, reserved 1048576K
}
Event: 123.562 GC heap after
{Heap after GC invocations=79 (full 0):
 garbage-first heap   total 247808K, used 211078K [0x0000000080000000, 0x0000000100000000)
  region size 1024K, 2 young (2048K), 2 survivors (2048K)
 Metaspace       used 159309K, committed 160192K, reserved 1245184K
  class space    used 20733K, committed 21184K, reserved 1048576K
}
Event: 123.611 GC heap before
{Heap before GC invocations=79 (full 0):
 garbage-first heap   total 247808K, used 221318K [0x0000000080000000, 0x0000000100000000)
  region size 1024K, 12 young (12288K), 2 survivors (2048K)
 Metaspace       used 159309K, committed 160192K, reserved 1245184K
  class space    used 20733K, committed 21184K, reserved 1048576K
}
Event: 123.619 GC heap after
{Heap after GC invocations=80 (full 0):
 garbage-first heap   total 247808K, used 216165K [0x0000000080000000, 0x0000000100000000)
  region size 1024K, 2 young (2048K), 2 survivors (2048K)
 Metaspace       used 159309K, committed 160192K, reserved 1245184K
  class space    used 20733K, committed 21184K, reserved 1048576K
}

