# JRE version: OpenJDK Runtime Environment (17.0.9) (build 17.0.9+0--11185874)
# Java VM: OpenJDK 64-Bit Server VM (17.0.9+0--11185874, mixed mode, tiered, compressed oops, compressed class ptrs, g1 gc, windows-amd64)
GC Precious Log:
 CPUs: 8 total, 8 available
 Memory: 8013M
 Large Page Support: Disabled
 NUMA Support: Disabled
 Compressed Oops: Enabled (32-bit)
 Heap Region Size: 1M
 Heap Min Capacity: 8M
 Heap Initial Capacity: 126M
 Heap Max Capacity: 2G
 Pre-touch: Disabled
 Parallel Workers: 8
 Concurrent Workers: 2
 Concurrent Refinement Workers: 8
 Periodic GC: Disabled
Heap:
 garbage-first heap   total 353280K, used 250329K [0x0000000080000000, 0x0000000100000000)
  region size 1024K, 9 young (9216K), 9 survivors (9216K)
 Metaspace       used 118762K, committed 119552K, reserved 1179648K
  class space    used 16555K, committed 16896K, reserved 1048576K
GC Heap History (20 events):
Event: 17.537 GC heap after
{Heap after GC invocations=37 (full 0):
 garbage-first heap   total 219136K, used 155127K [0x0000000080000000, 0x0000000100000000)
  region size 1024K, 6 young (6144K), 6 survivors (6144K)
 Metaspace       used 102541K, committed 103360K, reserved 1179648K
  class space    used 14464K, committed 14848K, reserved 1048576K
}
Event: 17.622 GC heap before
{Heap before GC invocations=37 (full 0):
 garbage-first heap   total 219136K, used 176631K [0x0000000080000000, 0x0000000100000000)
  region size 1024K, 27 young (27648K), 6 survivors (6144K)
 Metaspace       used 102627K, committed 103424K, reserved 1179648K
  class space    used 14467K, committed 14848K, reserved 1048576K
}
Event: 17.642 GC heap after
{Heap after GC invocations=38 (full 0):
 garbage-first heap   total 353280K, used 166537K [0x0000000080000000, 0x0000000100000000)
  region size 1024K, 4 young (4096K), 4 survivors (4096K)
 Metaspace       used 102627K, committed 103424K, reserved 1179648K
  class space    used 14467K, committed 14848K, reserved 1048576K
}
Event: 18.308 GC heap before
{Heap before GC invocations=39 (full 0):
 garbage-first heap   total 353280K, used 264841K [0x0000000080000000, 0x0000000100000000)
  region size 1024K, 101 young (103424K), 4 survivors (4096K)
 Metaspace       used 105226K, committed 106048K, reserved 1179648K
  class space    used 14836K, committed 15232K, reserved 1048576K
}
Event: 18.344 GC heap after
{Heap after GC invocations=40 (full 0):
 garbage-first heap   total 353280K, used 197949K [0x0000000080000000, 0x0000000100000000)
  region size 1024K, 13 young (13312K), 13 survivors (13312K)
 Metaspace       used 105226K, committed 106048K, reserved 1179648K
  class space    used 14836K, committed 15232K, reserved 1048576K
}
Event: 18.378 GC heap before
{Heap before GC invocations=40 (full 0):
 garbage-first heap   total 353280K, used 201021K [0x0000000080000000, 0x0000000100000000)
  region size 1024K, 17 young (17408K), 13 survivors (13312K)
 Metaspace       used 105343K, committed 106112K, reserved 1179648K
  class space    used 14848K, committed 15232K, reserved 1048576K
}
Event: 18.402 GC heap after
{Heap after GC invocations=41 (full 0):
 garbage-first heap   total 353280K, used 199016K [0x0000000080000000, 0x0000000100000000)
  region size 1024K, 2 young (2048K), 2 survivors (2048K)
 Metaspace       used 105343K, committed 106112K, reserved 1179648K
  class space    used 14848K, committed 15232K, reserved 1048576K
}
Event: 18.965 GC heap before
{Heap before GC invocations=41 (full 0):
 garbage-first heap   total 353280K, used 271720K [0x0000000080000000, 0x0000000100000000)
  region size 1024K, 72 young (73728K), 2 survivors (2048K)
 Metaspace       used 107914K, committed 108736K, reserved 1179648K
  class space    used 15211K, committed 15616K, reserved 1048576K
}
Event: 18.971 GC heap after
{Heap after GC invocations=42 (full 0):
 garbage-first heap   total 353280K, used 201695K [0x0000000080000000, 0x0000000100000000)
  region size 1024K, 3 young (3072K), 3 survivors (3072K)
 Metaspace       used 107914K, committed 108736K, reserved 1179648K
  class space    used 15211K, committed 15616K, reserved 1048576K
}
Event: 19.442 GC heap before
{Heap before GC invocations=42 (full 0):
 garbage-first heap   total 353280K, used 276447K [0x0000000080000000, 0x0000000100000000)
  region size 1024K, 76 young (77824K), 3 survivors (3072K)
 Metaspace       used 108238K, committed 109056K, reserved 1179648K
  class space    used 15248K, committed 15680K, reserved 1048576K
}
Event: 19.452 GC heap after
{Heap after GC invocations=43 (full 0):
 garbage-first heap   total 353280K, used 205770K [0x0000000080000000, 0x0000000100000000)
  region size 1024K, 7 young (7168K), 7 survivors (7168K)
 Metaspace       used 108238K, committed 109056K, reserved 1179648K
  class space    used 15248K, committed 15680K, reserved 1048576K
}
Event: 19.802 GC heap before
{Heap before GC invocations=43 (full 0):
 garbage-first heap   total 353280K, used 282570K [0x0000000080000000, 0x0000000100000000)
  region size 1024K, 82 young (83968K), 7 survivors (7168K)
 Metaspace       used 109044K, committed 109824K, reserved 1179648K
  class space    used 15357K, committed 15744K, reserved 1048576K
}
Event: 19.810 GC heap after
{Heap after GC invocations=44 (full 0):
 garbage-first heap   total 353280K, used 207844K [0x0000000080000000, 0x0000000100000000)
  region size 1024K, 7 young (7168K), 7 survivors (7168K)
 Metaspace       used 109044K, committed 109824K, reserved 1179648K
  class space    used 15357K, committed 15744K, reserved 1048576K
}
Event: 20.064 GC heap before
{Heap before GC invocations=44 (full 0):
 garbage-first heap   total 353280K, used 286692K [0x0000000080000000, 0x0000000100000000)
  region size 1024K, 84 young (86016K), 7 survivors (7168K)
 Metaspace       used 109061K, committed 109824K, reserved 1179648K
  class space    used 15357K, committed 15744K, reserved 1048576K
}
Event: 20.076 GC heap after
{Heap after GC invocations=45 (full 0):
 garbage-first heap   total 353280K, used 210272K [0x0000000080000000, 0x0000000100000000)
  region size 1024K, 5 young (5120K), 5 survivors (5120K)
 Metaspace       used 109061K, committed 109824K, reserved 1179648K
  class space    used 15357K, committed 15744K, reserved 1048576K
}
Event: 20.668 GC heap before
{Heap before GC invocations=45 (full 0):
 garbage-first heap   total 353280K, used 296288K [0x0000000080000000, 0x0000000100000000)
  region size 1024K, 84 young (86016K), 5 survivors (5120K)
 Metaspace       used 111800K, committed 112576K, reserved 1179648K
  class space    used 15721K, committed 16064K, reserved 1048576K
}
Event: 20.683 GC heap after
{Heap after GC invocations=46 (full 0):
 garbage-first heap   total 353280K, used 217061K [0x0000000080000000, 0x0000000100000000)
  region size 1024K, 7 young (7168K), 7 survivors (7168K)
 Metaspace       used 111800K, committed 112576K, reserved 1179648K
  class space    used 15721K, committed 16064K, reserved 1048576K
}
Event: 21.463 GC heap before
{Heap before GC invocations=46 (full 0):
 garbage-first heap   total 353280K, used 304101K [0x0000000080000000, 0x0000000100000000)
  region size 1024K, 83 young (84992K), 7 survivors (7168K)
 Metaspace       used 116657K, committed 117440K, reserved 1179648K
  class space    used 16321K, committed 16704K, reserved 1048576K
}
Event: 21.484 GC heap after
{Heap after GC invocations=47 (full 0):
 garbage-first heap   total 353280K, used 235760K [0x0000000080000000, 0x0000000100000000)
  region size 1024K, 11 young (11264K), 11 survivors (11264K)
 Metaspace       used 116657K, committed 117440K, reserved 1179648K
  class space    used 16321K, committed 16704K, reserved 1048576K
}
Event: 22.155 GC heap before
{Heap before GC invocations=47 (full 0):
 garbage-first heap   total 353280K, used 301296K [0x0000000080000000, 0x0000000100000000)
  region size 1024K, 69 young (70656K), 11 survivors (11264K)
 Metaspace       used 118762K, committed 119552K, reserved 1179648K
  class space    used 16555K, committed 16896K, reserved 1048576K
}

